[debug] [2026-04-14T08:54:06.682Z] ----------------------------------------------------------------------
[debug] [2026-04-14T08:54:06.693Z] Command:       C:\Program Files\nodejs\node.exe C:\Users\vaibh\AppData\Roaming\npm\node_modules\firebase-tools\lib\bin\firebase.js deploy --only hosting
[debug] [2026-04-14T08:54:06.694Z] CLI Version:   15.14.0
[debug] [2026-04-14T08:54:06.694Z] Platform:      win32
[debug] [2026-04-14T08:54:06.694Z] Node Version:  v22.15.0
[debug] [2026-04-14T08:54:06.695Z] Time:          Tue Apr 14 2026 14:24:06 GMT+0530 (India Standard Time)
[debug] [2026-04-14T08:54:06.695Z] ----------------------------------------------------------------------
[debug] 
[debug] [2026-04-14T08:54:11.645Z] > command requires scopes: ["email","openid","https://www.googleapis.com/auth/cloudplatformprojects.readonly","https://www.googleapis.com/auth/firebase","https://www.googleapis.com/auth/cloud-platform"]
[debug] [2026-04-14T08:54:11.645Z] > authorizing via signed-in user (borezydev@gmail.com)
[debug] [2026-04-14T08:54:11.646Z] [iam] checking project medrent-5d771 for permissions ["firebase.projects.get","firebasehosting.sites.update"]
[debug] [2026-04-14T08:54:11.647Z] Checked if tokens are valid: true, expires at: 1776160306732
[debug] [2026-04-14T08:54:11.647Z] Checked if tokens are valid: true, expires at: 1776160306732
[debug] [2026-04-14T08:54:11.649Z] >>> [apiv2][query] POST https://cloudresourcemanager.googleapis.com/v1/projects/medrent-5d771:testIamPermissions [none]
[debug] [2026-04-14T08:54:11.649Z] >>> [apiv2][(partial)header] POST https://cloudresourcemanager.googleapis.com/v1/projects/medrent-5d771:testIamPermissions  x-goog-user-project=medrent-5d771
[debug] [2026-04-14T08:54:11.649Z] >>> [apiv2][body] POST https://cloudresourcemanager.googleapis.com/v1/projects/medrent-5d771:testIamPermissions {"permissions":["firebase.projects.get","firebasehosting.sites.update"]}
[debug] [2026-04-14T08:54:14.143Z] <<< [apiv2][status] POST https://cloudresourcemanager.googleapis.com/v1/projects/medrent-5d771:testIamPermissions 403
[debug] [2026-04-14T08:54:14.143Z] <<< [apiv2][body] POST https://cloudresourcemanager.googleapis.com/v1/projects/medrent-5d771:testIamPermissions {"error":{"code":403,"message":"Caller does not have required permission to use project medrent-5d771. Grant the caller the roles/serviceusage.serviceUsageConsumer role, or a custom role with the serviceusage.services.use permission, by visiting https://console.developers.google.com/iam-admin/iam?project=medrent-5d771 and then retry. Propagation of the new permission may take a few minutes.","status":"PERMISSION_DENIED","details":[{"@type":"type.googleapis.com/google.rpc.ErrorInfo","reason":"USER_PROJECT_DENIED","domain":"googleapis.com","metadata":{"consoleUrl":"https://console.developers.google.com/iam-admin/iam?project=medrent-5d771","consumer":"projects/medrent-5d771","containerInfo":"medrent-5d771","service":"cloudresourcemanager.googleapis.com"}},{"@type":"type.googleapis.com/google.rpc.LocalizedMessage","locale":"en-US","message":"Caller does not have required permission to use project medrent-5d771. Grant the caller the roles/serviceusage.serviceUsageConsumer role, or a custom role with the serviceusage.services.use permission, by visiting https://console.developers.google.com/iam-admin/iam?project=medrent-5d771 and then retry. Propagation of the new permission may take a few minutes."},{"@type":"type.googleapis.com/google.rpc.Help","links":[{"description":"Google developer console IAM admin","url":"https://console.developers.google.com/iam-admin/iam?project=medrent-5d771"}]}]}}
[debug] [2026-04-14T08:54:14.144Z] [iam] error while checking permissions, command may fail: Request to https://cloudresourcemanager.googleapis.com/v1/projects/medrent-5d771:testIamPermissions had HTTP Error: 403, Caller does not have required permission to use project medrent-5d771. Grant the caller the roles/serviceusage.serviceUsageConsumer role, or a custom role with the serviceusage.services.use permission, by visiting https://console.developers.google.com/iam-admin/iam?project=medrent-5d771 and then retry. Propagation of the new permission may take a few minutes.
[debug] [2026-04-14T08:54:14.144Z] Checked if tokens are valid: true, expires at: 1776160306732
[debug] [2026-04-14T08:54:14.144Z] Checked if tokens are valid: true, expires at: 1776160306732
[debug] [2026-04-14T08:54:14.145Z] >>> [apiv2][query] GET https://firebase.googleapis.com/v1beta1/projects/medrent-5d771 [none]
[debug] [2026-04-14T08:54:15.067Z] <<< [apiv2][status] GET https://firebase.googleapis.com/v1beta1/projects/medrent-5d771 403
[debug] [2026-04-14T08:54:15.067Z] <<< [apiv2][body] GET https://firebase.googleapis.com/v1beta1/projects/medrent-5d771 {"error":{"code":403,"message":"The caller does not have permission","status":"PERMISSION_DENIED"}}
[debug] [2026-04-14T08:54:15.067Z] Request to https://firebase.googleapis.com/v1beta1/projects/medrent-5d771 had HTTP Error: 403, The caller does not have permission
[debug] [2026-04-14T08:54:15.582Z] FirebaseError: Request to https://firebase.googleapis.com/v1beta1/projects/medrent-5d771 had HTTP Error: 403, The caller does not have permission
    at responseToError (C:\Users\vaibh\AppData\Roaming\npm\node_modules\firebase-tools\lib\responseToError.js:53:12)
    at RetryOperation._fn (C:\Users\vaibh\AppData\Roaming\npm\node_modules\firebase-tools\lib\apiv2.js:333:77)
    at process.processTicksAndRejections (node:internal/process/task_queues:105:5)
[error] 
[error] Error: Failed to get Firebase project medrent-5d771. Please make sure the project exists and your account has permission to access it.
